d:\studies\c\test\vs_test\project2\debug\vc142.pdb
d:\studies\c\test\vs_test\project2\debug\vc142.idb
d:\studies\c\test\vs_test\project2\debug\04文件练习.obj
d:\studies\c\test\vs_test\project2\debug\打字游戏.obj
d:\studies\c\test\vs_test\project2\debug\内存操作函数.obj
d:\studies\c\test\vs_test\project2\debug\二级指针练习.obj
d:\studies\c\test\vs_test\project2\debug\05模拟vi编辑器功能.obj
d:\studies\c\test\vs_test\project2\debug\06模拟cat命令.obj
d:\studies\c\test\vs_test\project2\debug\07随机四则运算.obj
d:\studies\c\test\vs_test\project2\debug\08文件格式化输入输出内容.obj
d:\studies\c\test\vs_test\project2\debug\c基础练习.exe
d:\studies\c\test\vs_test\project2\debug\c基础练习.ilk
d:\studies\c\test\vs_test\project2\debug\c基础练习.pdb
d:\studies\c\test\vs_test\project2\debug\文件练习.obj
d:\studies\c\test\vs_test\project2\debug\指针及内存练习.ilk
d:\studies\c\test\vs_test\project2\debug\指针及内存练习.pdb
d:\studies\c\test\vs_test\project2\debug\c基础练习.tlog\cl.command.1.tlog
d:\studies\c\test\vs_test\project2\debug\c基础练习.tlog\cl.read.1.tlog
d:\studies\c\test\vs_test\project2\debug\c基础练习.tlog\cl.write.1.tlog
d:\studies\c\test\vs_test\project2\debug\c基础练习.tlog\link-cvtres.read.1.tlog
d:\studies\c\test\vs_test\project2\debug\c基础练习.tlog\link-cvtres.write.1.tlog
d:\studies\c\test\vs_test\project2\debug\c基础练习.tlog\link-rc.read.1.tlog
d:\studies\c\test\vs_test\project2\debug\c基础练习.tlog\link-rc.write.1.tlog
d:\studies\c\test\vs_test\project2\debug\c基础练习.tlog\link.10008-cvtres.read.1.tlog
d:\studies\c\test\vs_test\project2\debug\c基础练习.tlog\link.10008-cvtres.write.1.tlog
d:\studies\c\test\vs_test\project2\debug\c基础练习.tlog\link.10008-rc.read.1.tlog
d:\studies\c\test\vs_test\project2\debug\c基础练习.tlog\link.10008-rc.write.1.tlog
d:\studies\c\test\vs_test\project2\debug\c基础练习.tlog\link.10008.read.1.tlog
d:\studies\c\test\vs_test\project2\debug\c基础练习.tlog\link.10008.write.1.tlog
d:\studies\c\test\vs_test\project2\debug\c基础练习.tlog\link.command.1.tlog
d:\studies\c\test\vs_test\project2\debug\c基础练习.tlog\link.read.1.tlog
d:\studies\c\test\vs_test\project2\debug\c基础练习.tlog\link.write.1.tlog
